[08-Nov-2016 16:06:13 UTC] PHP Warning:  include(objects/nav_recipe.php): failed to open stream: No such file or directory in /home/ubuntu/workspace/categories/Knewrecipelist.php on line 106
[08-Nov-2016 16:06:13 UTC] PHP Stack trace:
[08-Nov-2016 16:06:13 UTC] PHP   1. {main}() /home/ubuntu/workspace/categories/Knewrecipelist.php:0
[08-Nov-2016 16:06:13 UTC] PHP Warning:  include(): Failed opening 'objects/nav_recipe.php' for inclusion (include_path='.:/usr/share/php:/usr/share/pear') in /home/ubuntu/workspace/categories/Knewrecipelist.php on line 106
[08-Nov-2016 16:06:13 UTC] PHP Stack trace:
[08-Nov-2016 16:06:13 UTC] PHP   1. {main}() /home/ubuntu/workspace/categories/Knewrecipelist.php:0
[08-Nov-2016 16:06:45 UTC] PHP Warning:  include(objects/logout_btn.php): failed to open stream: No such file or directory in /home/ubuntu/workspace/objects/nav_recipe.php on line 31
[08-Nov-2016 16:06:45 UTC] PHP Stack trace:
[08-Nov-2016 16:06:45 UTC] PHP   1. {main}() /home/ubuntu/workspace/categories/Knewrecipelist.php:0
[08-Nov-2016 16:06:45 UTC] PHP   2. include() /home/ubuntu/workspace/categories/Knewrecipelist.php:106
[08-Nov-2016 16:06:45 UTC] PHP Warning:  include(): Failed opening 'objects/logout_btn.php' for inclusion (include_path='.:/usr/share/php:/usr/share/pear') in /home/ubuntu/workspace/objects/nav_recipe.php on line 31
[08-Nov-2016 16:06:45 UTC] PHP Stack trace:
[08-Nov-2016 16:06:45 UTC] PHP   1. {main}() /home/ubuntu/workspace/categories/Knewrecipelist.php:0
[08-Nov-2016 16:06:45 UTC] PHP   2. include() /home/ubuntu/workspace/categories/Knewrecipelist.php:106
[08-Nov-2016 16:11:29 UTC] PHP Warning:  include_once(usersrecipe.php): failed to open stream: No such file or directory in /home/ubuntu/workspace/categories/Knewrecipelist.php on line 6
[08-Nov-2016 16:11:29 UTC] PHP Stack trace:
[08-Nov-2016 16:11:29 UTC] PHP   1. {main}() /home/ubuntu/workspace/categories/Knewrecipelist.php:0
[08-Nov-2016 16:11:29 UTC] PHP Warning:  include_once(): Failed opening 'usersrecipe.php' for inclusion (include_path='.:/usr/share/php:/usr/share/pear') in /home/ubuntu/workspace/categories/Knewrecipelist.php on line 6
[08-Nov-2016 16:11:29 UTC] PHP Stack trace:
[08-Nov-2016 16:11:29 UTC] PHP   1. {main}() /home/ubuntu/workspace/categories/Knewrecipelist.php:0
[08-Nov-2016 16:11:29 UTC] PHP Fatal error:  Call to a member function query() on a non-object in /home/ubuntu/workspace/categories/Knewrecipelist.php on line 104
[08-Nov-2016 16:11:29 UTC] PHP Stack trace:
[08-Nov-2016 16:11:29 UTC] PHP   1. {main}() /home/ubuntu/workspace/categories/Knewrecipelist.php:0
[08-Nov-2016 16:11:52 UTC] PHP Warning:  include(objects/nav_recipe.php): failed to open stream: No such file or directory in /home/ubuntu/workspace/categories/Knewrecipelist.php on line 106
[08-Nov-2016 16:11:52 UTC] PHP Stack trace:
[08-Nov-2016 16:11:52 UTC] PHP   1. {main}() /home/ubuntu/workspace/categories/Knewrecipelist.php:0
[08-Nov-2016 16:11:52 UTC] PHP Warning:  include(): Failed opening 'objects/nav_recipe.php' for inclusion (include_path='.:/usr/share/php:/usr/share/pear') in /home/ubuntu/workspace/categories/Knewrecipelist.php on line 106
[08-Nov-2016 16:11:52 UTC] PHP Stack trace:
[08-Nov-2016 16:11:52 UTC] PHP   1. {main}() /home/ubuntu/workspace/categories/Knewrecipelist.php:0
